C:\USER\GITHUB\PROJECT1-RAYTRACER\PROJ1_WIN\565RAYTRACER\DEBUG\565RAYTRACER.EXE.EMBED.MANIFEST
C:\USER\GITHUB\PROJECT1-RAYTRACER\PROJ1_WIN\565RAYTRACER\DEBUG\565RAYTRACER.EXE.EMBED.MANIFEST.RES
C:\USER\GITHUB\PROJECT1-RAYTRACER\PROJ1_WIN\565RAYTRACER\DEBUG\565RAYTRACER.EXE.INTERMEDIATE.MANIFEST
C:\USER\GITHUB\PROJECT1-RAYTRACER\PROJ1_WIN\565RAYTRACER\DEBUG\GLSLUTILITY.OBJ
C:\USER\GITHUB\PROJECT1-RAYTRACER\PROJ1_WIN\565RAYTRACER\DEBUG\IMAGE.OBJ
C:\USER\GITHUB\PROJECT1-RAYTRACER\PROJ1_WIN\565RAYTRACER\DEBUG\MAIN.OBJ
C:\USER\GITHUB\PROJECT1-RAYTRACER\PROJ1_WIN\565RAYTRACER\DEBUG\SCENE.OBJ
C:\USER\GITHUB\PROJECT1-RAYTRACER\PROJ1_WIN\565RAYTRACER\DEBUG\STB_IMAGE.OBJ
C:\USER\GITHUB\PROJECT1-RAYTRACER\PROJ1_WIN\565RAYTRACER\DEBUG\STB_IMAGE_WRITE.OBJ
C:\USER\GITHUB\PROJECT1-RAYTRACER\PROJ1_WIN\565RAYTRACER\DEBUG\UTILITIES.OBJ
C:\USER\GITHUB\PROJECT1-RAYTRACER\PROJ1_WIN\565RAYTRACER\DEBUG\VC100.PDB
C:\USER\GITHUB\PROJECT1-RAYTRACER\PROJ1_WIN\DEBUG\565RAYTRACER.EXE
C:\USER\GITHUB\PROJECT1-RAYTRACER\PROJ1_WIN\DEBUG\565RAYTRACER.ILK
C:\USER\GITHUB\PROJECT1-RAYTRACER\PROJ1_WIN\DEBUG\565RAYTRACER.PDB
S:\GitHub\Project1-RayTracer\PROJ1_WIN\565Raytracer\Debug\565Raytracer.exe.embed.manifest
S:\GitHub\Project1-RayTracer\PROJ1_WIN\565Raytracer\Debug\565Raytracer.exe.embed.manifest.res
S:\GitHub\Project1-RayTracer\PROJ1_WIN\565Raytracer\Debug\565Raytracer.exe.intermediate.manifest
S:\GitHub\Project1-RayTracer\PROJ1_WIN\565Raytracer\Debug\565Raytracer_manifest.rc
S:\GitHub\Project1-RayTracer\PROJ1_WIN\565Raytracer\Debug\cl.command.1.tlog
S:\GitHub\Project1-RayTracer\PROJ1_WIN\565Raytracer\Debug\CL.read.1.tlog
S:\GitHub\Project1-RayTracer\PROJ1_WIN\565Raytracer\Debug\CL.write.1.tlog
S:\GitHub\Project1-RayTracer\PROJ1_WIN\565Raytracer\Debug\glslUtility.obj
S:\GitHub\Project1-RayTracer\PROJ1_WIN\565Raytracer\Debug\image.obj
S:\GitHub\Project1-RayTracer\PROJ1_WIN\565Raytracer\Debug\link.6396.read.1.tlog
S:\GitHub\Project1-RayTracer\PROJ1_WIN\565Raytracer\Debug\link.6396.write.1.tlog
S:\GitHub\Project1-RayTracer\PROJ1_WIN\565Raytracer\Debug\link.6396-cvtres.read.1.tlog
S:\GitHub\Project1-RayTracer\PROJ1_WIN\565Raytracer\Debug\link.6396-cvtres.write.1.tlog
S:\GitHub\Project1-RayTracer\PROJ1_WIN\565Raytracer\Debug\link.command.1.tlog
S:\GitHub\Project1-RayTracer\PROJ1_WIN\565Raytracer\Debug\link.read.1.tlog
S:\GitHub\Project1-RayTracer\PROJ1_WIN\565Raytracer\Debug\link.write.1.tlog
S:\GitHub\Project1-RayTracer\PROJ1_WIN\565Raytracer\Debug\link-cvtres.read.1.tlog
S:\GitHub\Project1-RayTracer\PROJ1_WIN\565Raytracer\Debug\link-cvtres.write.1.tlog
S:\GitHub\Project1-RayTracer\PROJ1_WIN\565Raytracer\Debug\main.obj
S:\GitHub\Project1-RayTracer\PROJ1_WIN\565Raytracer\Debug\mt.command.1.tlog
S:\GitHub\Project1-RayTracer\PROJ1_WIN\565Raytracer\Debug\mt.read.1.tlog
S:\GitHub\Project1-RayTracer\PROJ1_WIN\565Raytracer\Debug\mt.write.1.tlog
S:\GitHub\Project1-RayTracer\PROJ1_WIN\565Raytracer\Debug\raytraceKernel.cu.cache
S:\GitHub\Project1-RayTracer\PROJ1_WIN\565Raytracer\Debug\rc.command.1.tlog
S:\GitHub\Project1-RayTracer\PROJ1_WIN\565Raytracer\Debug\rc.read.1.tlog
S:\GitHub\Project1-RayTracer\PROJ1_WIN\565Raytracer\Debug\rc.write.1.tlog
S:\GitHub\Project1-RayTracer\PROJ1_WIN\565Raytracer\Debug\scene.obj
S:\GitHub\Project1-RayTracer\PROJ1_WIN\565Raytracer\Debug\stb_image.obj
S:\GitHub\Project1-RayTracer\PROJ1_WIN\565Raytracer\Debug\stb_image_write.obj
S:\GitHub\Project1-RayTracer\PROJ1_WIN\565Raytracer\Debug\utilities.obj
S:\GitHub\Project1-RayTracer\PROJ1_WIN\565Raytracer\Debug\vc100.idb
S:\GitHub\Project1-RayTracer\PROJ1_WIN\565Raytracer\Debug\vc100.pdb
S:\GitHub\Project1-RayTracer\PROJ1_WIN\Debug\565Raytracer.exe
S:\GitHub\Project1-RayTracer\PROJ1_WIN\Debug\565Raytracer.ilk
S:\GitHub\Project1-RayTracer\PROJ1_WIN\Debug\565Raytracer.pdb
