S:\GitHub\Project1-RayTracer\PROJ1_WIN\565Raytracer\Release\565Raytracer.exe.intermediate.manifest
S:\GitHub\Project1-RayTracer\PROJ1_WIN\565Raytracer\Release\cl.command.1.tlog
S:\GitHub\Project1-RayTracer\PROJ1_WIN\565Raytracer\Release\CL.read.1.tlog
S:\GitHub\Project1-RayTracer\PROJ1_WIN\565Raytracer\Release\CL.write.1.tlog
S:\GITHUB\PROJECT1-RAYTRACER\PROJ1_WIN\565RAYTRACER\RELEASE\GLSLUTILITY.OBJ
S:\GITHUB\PROJECT1-RAYTRACER\PROJ1_WIN\565RAYTRACER\RELEASE\IMAGE.OBJ
S:\GitHub\Project1-RayTracer\PROJ1_WIN\565Raytracer\Release\link.command.1.tlog
S:\GitHub\Project1-RayTracer\PROJ1_WIN\565Raytracer\Release\link.read.1.tlog
S:\GitHub\Project1-RayTracer\PROJ1_WIN\565Raytracer\Release\link.write.1.tlog
S:\GITHUB\PROJECT1-RAYTRACER\PROJ1_WIN\565RAYTRACER\RELEASE\MAIN.OBJ
S:\GitHub\Project1-RayTracer\PROJ1_WIN\565Raytracer\Release\mt.command.1.tlog
S:\GitHub\Project1-RayTracer\PROJ1_WIN\565Raytracer\Release\mt.read.1.tlog
S:\GitHub\Project1-RayTracer\PROJ1_WIN\565Raytracer\Release\mt.write.1.tlog
S:\GITHUB\PROJECT1-RAYTRACER\PROJ1_WIN\565RAYTRACER\RELEASE\PROCESS_PPM.OBJ
S:\GitHub\Project1-RayTracer\PROJ1_WIN\565Raytracer\Release\raytraceKernel.cu.cache
S:\GITHUB\PROJECT1-RAYTRACER\PROJ1_WIN\565RAYTRACER\RELEASE\SCENE.OBJ
S:\GITHUB\PROJECT1-RAYTRACER\PROJ1_WIN\565RAYTRACER\RELEASE\STB_IMAGE.OBJ
S:\GITHUB\PROJECT1-RAYTRACER\PROJ1_WIN\565RAYTRACER\RELEASE\STB_IMAGE_WRITE.OBJ
S:\GITHUB\PROJECT1-RAYTRACER\PROJ1_WIN\565RAYTRACER\RELEASE\UTILITIES.OBJ
S:\GITHUB\PROJECT1-RAYTRACER\PROJ1_WIN\565RAYTRACER\RELEASE\VC100.PDB
S:\GitHub\Project1-RayTracer\PROJ1_WIN\Release\565Raytracer.exe
S:\GitHub\Project1-RayTracer\PROJ1_WIN\Release\565Raytracer.pdb
